<?xml version="1.0" encoding="UTF-8"?>
<!-- Generated by org.testng.reporters.JUnitXMLReporter -->
<testsuite hostname="Hasans-MacBook-Pro.local" ignored="2" name="Default test" tests="1" failures="0" timestamp="08 Aug 2018 18:28:06 GMT" time="2.454" errors="0">
  <testcase name="enterIncomeFunctionality" time="2.425" classname="com.kff.test.CalculatorTests"/>
  <testcase name="accordionMenuTest" time="0.0" classname="com.kff.test.CalculatorTests">
    <ignored/>
  </testcase> <!-- accordionMenuTest -->
  <testcase name="socialMediaButtonsOnCalculatorPage" time="0.0" classname="com.kff.test.CalculatorTests">
    <ignored/>
  </testcase> <!-- socialMediaButtonsOnCalculatorPage -->
<testsuite ignored="0" hostname="Guldanas-MacBook-Pro.local" failures="0" tests="3" name="Default test" time="6.769" errors="0" timestamp="06 Aug 2018 23:13:00 GMT">
  <testcase classname="com.kff.test.FiledTests" name="enterIncomeFunctionality" time="1.11"/>
  <testcase classname="com.kff.test.FiledTests" name="householdIncomeNegative" time="1.126"/>
  <testcase classname="com.kff.test.FiledTests" name="householdIncomeNegativeEmpty1" time="0.779"/>

<testsuite hostname="Semas-MacBook-Pro.local" ignored="1" name="Default test" tests="1" failures="0" timestamp="05 Aug 2018 01:37:57 GMT" time="5.015" errors="0">
  <testcase name="SelectStateBtn" time="4.963" classname="com.kff.test.StateFactTests"/>
  <testcase name="verifyStateHealthFactsLink" time="0.0" classname="com.kff.test.StateFactTests">
    <ignored/>
  </testcase> <!-- verifyStateHealthFactsLink -->

<testsuite hostname="LAPTOP-VIR37QJQ" ignored="4" name="Default test" tests="1" failures="0" timestamp="05 Aug 2018 01:42:01 GMT" time="3.013" errors="0">
  <testcase name="yesOrNoDropDown" time="2.982" classname="com.kff.test.CalculatorTests"/>
  <testcase name="accordionMenuTest" time="0.0" classname="com.kff.test.CalculatorTests">
    <ignored/>
  </testcase> <!-- accordionMenuTest -->
  <testcase name="enterIncomeFunctionality" time="0.0" classname="com.kff.test.CalculatorTests">
    <ignored/>
  </testcase> <!-- enterIncomeFunctionality -->
  <testcase name="embedInstruction" time="0.0" classname="com.kff.test.CalculatorTests">
    <ignored/>
  </testcase> <!-- embedInstruction -->
  <testcase name="householdIncomeNegative" time="0.0" classname="com.kff.test.CalculatorTests">
    <ignored/>
  </testcase> <!-- householdIncomeNegative -->

</testsuite> <!-- Default test -->
