<?xml version="1.0" encoding="UTF-8"?>
<!-- Generated by org.testng.reporters.JUnitXMLReporter -->
<testsuite hostname="Semas-MacBook-Pro.local" ignored="1" name="Default test" tests="1" failures="0" timestamp="05 Aug 2018 01:37:57 GMT" time="5.015" errors="0">
  <testcase name="SelectStateBtn" time="4.963" classname="com.kff.test.StateFactTests"/>
  <testcase name="verifyStateHealthFactsLink" time="0.0" classname="com.kff.test.StateFactTests">
    <ignored/>
  </testcase> <!-- verifyStateHealthFactsLink -->
</testsuite> <!-- Default test -->
